{"/home/fvictor/Workspace/git_repos/mocha-testing/controllers/index.js":{"path":"/home/fvictor/Workspace/git_repos/mocha-testing/controllers/index.js","s":{"1":1,"2":1,"3":1,"4":1,"5":2,"6":1,"7":1,"8":1},"b":{"1":[1,1],"2":[2,2]},"f":{"1":2},"fnMap":{"1":{"name":"(anonymous_1)","line":5,"loc":{"start":{"line":5,"column":34},"end":{"line":5,"column":49}}}},"statementMap":{"1":{"start":{"line":1,"column":0},"end":{"line":1,"column":17}},"2":{"start":{"line":2,"column":0},"end":{"line":2,"column":27}},"3":{"start":{"line":3,"column":0},"end":{"line":3,"column":23}},"4":{"start":{"line":5,"column":0},"end":{"line":10,"column":3}},"5":{"start":{"line":6,"column":2},"end":{"line":9,"column":3}},"6":{"start":{"line":7,"column":4},"end":{"line":7,"column":52}},"7":{"start":{"line":8,"column":4},"end":{"line":8,"column":46}},"8":{"start":{"line":12,"column":0},"end":{"line":12,"column":23}}},"branchMap":{"1":{"line":6,"type":"if","locations":[{"start":{"line":6,"column":2},"end":{"line":6,"column":2}},{"start":{"line":6,"column":2},"end":{"line":6,"column":2}}]},"2":{"line":6,"type":"binary-expr","locations":[{"start":{"line":6,"column":6},"end":{"line":6,"column":48}},{"start":{"line":6,"column":52},"end":{"line":6,"column":70}}]}}},"/home/fvictor/Workspace/git_repos/mocha-testing/controllers/userCtrl.js":{"path":"/home/fvictor/Workspace/git_repos/mocha-testing/controllers/userCtrl.js","s":{"1":1,"2":14,"3":2,"4":2,"5":2,"6":2,"7":1,"8":1,"9":2,"10":1,"11":1,"12":1,"13":2,"14":1,"15":2,"16":2,"17":14,"18":1},"b":{"1":[1,1],"2":[2,2]},"f":{"1":14,"2":2,"3":2,"4":2,"5":1,"6":2,"7":2},"fnMap":{"1":{"name":"(anonymous_1)","line":1,"loc":{"start":{"line":1,"column":15},"end":{"line":1,"column":32}}},"2":{"name":"(anonymous_2)","line":4,"loc":{"start":{"line":4,"column":15},"end":{"line":4,"column":29}}},"3":{"name":"(anonymous_3)","line":15,"loc":{"start":{"line":15,"column":15},"end":{"line":15,"column":29}}},"4":{"name":"(anonymous_4)","line":22,"loc":{"start":{"line":22,"column":20},"end":{"line":22,"column":30}}},"5":{"name":"(anonymous_5)","line":25,"loc":{"start":{"line":25,"column":24},"end":{"line":25,"column":42}}},"6":{"name":"(anonymous_6)","line":29,"loc":{"start":{"line":29,"column":18},"end":{"line":29,"column":46}}},"7":{"name":"(anonymous_7)","line":30,"loc":{"start":{"line":30,"column":17},"end":{"line":30,"column":27}}}},"statementMap":{"1":{"start":{"line":1,"column":0},"end":{"line":36,"column":2}},"2":{"start":{"line":2,"column":2},"end":{"line":34,"column":4}},"3":{"start":{"line":5,"column":6},"end":{"line":5,"column":44}},"4":{"start":{"line":6,"column":6},"end":{"line":12,"column":7}},"5":{"start":{"line":7,"column":8},"end":{"line":7,"column":38}},"6":{"start":{"line":8,"column":8},"end":{"line":8,"column":40}},"7":{"start":{"line":11,"column":8},"end":{"line":11,"column":42}},"8":{"start":{"line":13,"column":6},"end":{"line":13,"column":31}},"9":{"start":{"line":16,"column":6},"end":{"line":19,"column":7}},"10":{"start":{"line":17,"column":8},"end":{"line":17,"column":44}},"11":{"start":{"line":18,"column":8},"end":{"line":18,"column":40}},"12":{"start":{"line":20,"column":6},"end":{"line":20,"column":38}},"13":{"start":{"line":23,"column":6},"end":{"line":23,"column":47}},"14":{"start":{"line":27,"column":6},"end":{"line":27,"column":52}},"15":{"start":{"line":30,"column":6},"end":{"line":32,"column":14}},"16":{"start":{"line":31,"column":8},"end":{"line":31,"column":65}},"17":{"start":{"line":35,"column":2},"end":{"line":35,"column":14}},"18":{"start":{"line":39,"column":0},"end":{"line":39,"column":26}}},"branchMap":{"1":{"line":16,"type":"if","locations":[{"start":{"line":16,"column":6},"end":{"line":16,"column":6}},{"start":{"line":16,"column":6},"end":{"line":16,"column":6}}]},"2":{"line":16,"type":"binary-expr","locations":[{"start":{"line":16,"column":10},"end":{"line":16,"column":23}},{"start":{"line":16,"column":27},"end":{"line":16,"column":54}}]}}}}