TN:
SF:/home/fvictor/Workspace/git_repos/mocha-testing/controllers/index.js
FN:5,(anonymous_1)
FNF:1
FNH:1
FNDA:2,(anonymous_1)
DA:1,1
DA:2,1
DA:3,1
DA:5,1
DA:6,2
DA:7,1
DA:8,1
DA:12,1
LF:8
LH:8
BRDA:6,1,0,1
BRDA:6,1,1,1
BRDA:6,2,0,2
BRDA:6,2,1,2
BRF:4
BRH:4
end_of_record
TN:
SF:/home/fvictor/Workspace/git_repos/mocha-testing/controllers/userCtrl.js
FN:1,(anonymous_1)
FN:4,(anonymous_2)
FN:15,(anonymous_3)
FN:22,(anonymous_4)
FN:25,(anonymous_5)
FN:29,(anonymous_6)
FN:30,(anonymous_7)
FNF:7
FNH:7
FNDA:14,(anonymous_1)
FNDA:2,(anonymous_2)
FNDA:2,(anonymous_3)
FNDA:2,(anonymous_4)
FNDA:1,(anonymous_5)
FNDA:2,(anonymous_6)
FNDA:2,(anonymous_7)
DA:1,1
DA:2,14
DA:5,2
DA:6,2
DA:7,2
DA:8,2
DA:11,1
DA:13,1
DA:16,2
DA:17,1
DA:18,1
DA:20,1
DA:23,2
DA:27,1
DA:30,2
DA:31,2
DA:35,14
DA:39,1
LF:18
LH:18
BRDA:16,1,0,1
BRDA:16,1,1,1
BRDA:16,2,0,2
BRDA:16,2,1,2
BRF:4
BRH:4
end_of_record
